Test (2A): initial election ...
  ... Passed --   4.1  3   60   16390    0
Test (2A): election after network failure ...
--- FAIL: TestReElection2A (10.64s)
    config.go:457: expected one leader, got none
Test (2A): multiple elections ...
  ... Passed --  10.6  7  822  172362    0
Test (2B): basic agreement ...
  ... Passed --   1.4  3   16    4332    3
Test (2B): RPC byte count ...
  ... Passed --   2.4  3   48  113720   11
Test (2B): agreement after follower reconnects ...
  ... Passed --   6.4  3  126   32643    8
Test (2B): no agreement if too many followers disconnect ...
  ... Passed --   4.8  5  192   43316    4
Test (2B): concurrent Start()s ...
  ... Passed --   1.3  3   17    4698    6
Test (2B): rejoin of partitioned leader ...
  ... Passed --  13.4  3  485  105511    7
Test (2B): leader backs up quickly over incorrect follower logs ...
  ... Passed --  19.7  5 1814  417664  103
Test (2B): RPC counts aren't too high ...
  ... Passed --   2.7  3   42   11834   12
Test (2C): basic persistence ...
  ... Passed --   6.5  3  300   62164    6
Test (2C): more persistence ...
  ... Passed --  24.7  5 1117  246112   17
Test (2C): partitioned leader and one follower crash, leader restarts ...
  ... Passed --   3.4  3   85   18672    4
Test (2C): Figure 8 ...
  ... Passed --  36.9  5 17949 3515159   12
Test (2C): unreliable agreement ...
  ... Passed --   5.5  5  667  199084  246
Test (2C): Figure 8 (unreliable) ...
  ... Passed --  45.2  5 4070  905827  714
Test (2C): churn ...
  ... Passed --  16.9  5 1798  454036  223
Test (2C): unreliable churn ...
  ... Passed --  16.6  5 2023  555646  302
Test (2D): snapshots basic ...
  ... Passed --   7.3  3  236   77174  211
Test (2D): install snapshots (disconnect) ...
  ... Passed --  47.5  3 1438  524601  330
Test (2D): install snapshots (disconnect+unreliable) ...
  ... Passed --  74.4  3 2020  648283  324
Test (2D): install snapshots (crash) ...
  ... Passed --  38.5  3 4769 1052986  341
Test (2D): install snapshots (unreliable+crash) ...
